0 info it worked if it ends with ok
1 verbose cli [ 'C:\\Program Files\\nodejs\\node.exe',
1 verbose cli   'C:\\Users\\zparduhn\\AppData\\Roaming\\npm\\node_modules\\npm\\bin\\npm-cli.js',
1 verbose cli   'run',
1 verbose cli   'server' ]
2 info using npm@3.8.0
3 info using node@v5.10.1
4 verbose run-script [ 'preserver', 'server', 'postserver' ]
5 info lifecycle cerebral-boilerplate@0.1.0~preserver: cerebral-boilerplate@0.1.0
6 silly lifecycle cerebral-boilerplate@0.1.0~preserver: no script for preserver, continuing
7 info lifecycle cerebral-boilerplate@0.1.0~server: cerebral-boilerplate@0.1.0
8 verbose lifecycle cerebral-boilerplate@0.1.0~server: unsafe-perm in lifecycle true
9 verbose lifecycle cerebral-boilerplate@0.1.0~server: PATH: C:\Users\zparduhn\AppData\Roaming\npm\node_modules\npm\bin\node-gyp-bin;C:\Users\zparduhn\myDevProjects\cerebralBP\cerebral-boilerplate-express\node_modules\.bin;C:\Program Files\nodejs;C:\Users\zparduhn\AppData\Roaming\npm\node_modules\npm\bin\node-gyp-bin;C:\Users\zparduhn\myDevProjects\cerebralBP\cerebral-boilerplate-express\node_modules\.bin;C:\Program Files\nodejs;C:\Users\zparduhn\bin;C:\Program Files\Git\mingw64\bin;C:\Program Files\Git\usr\local\bin;C:\Program Files\Git\usr\bin;C:\Program Files\Git\usr\bin;C:\Program Files\Git\mingw64\bin;C:\Program Files\Git\usr\bin;C:\Users\zparduhn\bin;C:\Python27;C:\Python27\Scripts;C:\ProgramData\Oracle\Java\javapath;C:\WINDOWS\system32;C:\WINDOWS;C:\WINDOWS\System32\Wbem;C:\WINDOWS\System32\WindowsPowerShell\v1.0;C:\MongoDB\Server\3.2\bin;C:\Program Files (x86)\Microsoft SQL Server\110\Tools\Binn\ManagementStudio;C:\Program Files (x86)\Microsoft SQL Server\110\Tools\Binn;C:\Program Files (x86)\Microsoft SQL Server\110\DTS\Binn;C:\Program Files\nodejs;C:\Users\zparduhn\.dnx\bin;C:\Program Files\Microsoft DNX\Dnvm;C:\Program Files\Microsoft SQL Server\130\Tools\Binn;C:\Program Files\Microsoft Windows Performance Toolkit;C:\Users\zparduhn\AppData\Local\atom\bin;C:\Users\zparduhn\AppData\Roaming\npm;C:\Program Files\Git\usr\bin\vendor_perl;C:\Program Files\Git\usr\bin\core_perl
10 verbose lifecycle cerebral-boilerplate@0.1.0~server: CWD: C:\Users\zparduhn\myDevProjects\cerebralBP\cerebral-boilerplate-express
11 silly lifecycle cerebral-boilerplate@0.1.0~server: Args: [ '/d /s /c', 'cross-env kotatsu start start.js --source-maps' ]
12 silly lifecycle cerebral-boilerplate@0.1.0~server: Returned: code: 1  signal: null
13 info lifecycle cerebral-boilerplate@0.1.0~server: Failed to exec server script
14 verbose stack Error: cerebral-boilerplate@0.1.0 server: `cross-env kotatsu start start.js --source-maps`
14 verbose stack Exit status 1
14 verbose stack     at EventEmitter.<anonymous> (C:\Users\zparduhn\AppData\Roaming\npm\node_modules\npm\lib\utils\lifecycle.js:239:16)
14 verbose stack     at emitTwo (events.js:100:13)
14 verbose stack     at EventEmitter.emit (events.js:185:7)
14 verbose stack     at ChildProcess.<anonymous> (C:\Users\zparduhn\AppData\Roaming\npm\node_modules\npm\lib\utils\spawn.js:24:14)
14 verbose stack     at emitTwo (events.js:100:13)
14 verbose stack     at ChildProcess.emit (events.js:185:7)
14 verbose stack     at maybeClose (internal/child_process.js:850:16)
14 verbose stack     at Process.ChildProcess._handle.onexit (internal/child_process.js:215:5)
15 verbose pkgid cerebral-boilerplate@0.1.0
16 verbose cwd C:\Users\zparduhn\myDevProjects\cerebralBP\cerebral-boilerplate-express
17 error Windows_NT 10.0.10586
18 error argv "C:\\Program Files\\nodejs\\node.exe" "C:\\Users\\zparduhn\\AppData\\Roaming\\npm\\node_modules\\npm\\bin\\npm-cli.js" "run" "server"
19 error node v5.10.1
20 error npm  v3.8.0
21 error code ELIFECYCLE
22 error cerebral-boilerplate@0.1.0 server: `cross-env kotatsu start start.js --source-maps`
22 error Exit status 1
23 error Failed at the cerebral-boilerplate@0.1.0 server script 'cross-env kotatsu start start.js --source-maps'.
23 error Make sure you have the latest version of node.js and npm installed.
23 error If you do, this is most likely a problem with the cerebral-boilerplate package,
23 error not with npm itself.
23 error Tell the author that this fails on your system:
23 error     cross-env kotatsu start start.js --source-maps
23 error You can get information on how to open an issue for this project with:
23 error     npm bugs cerebral-boilerplate
23 error Or if that isn't available, you can get their info via:
23 error     npm owner ls cerebral-boilerplate
23 error There is likely additional logging output above.
24 verbose exit [ 1, true ]
